0 info it worked if it ends with ok
1 verbose cli [ '/Users/master/.nvm/versions/node/v7.4.0/bin/node',
1 verbose cli   '/Users/master/.nvm/versions/node/v7.4.0/bin/npm',
1 verbose cli   'install',
1 verbose cli   '../githun' ]
2 info using npm@4.1.1
3 info using node@v7.4.0
4 silly loadCurrentTree Starting
5 silly install loadCurrentTree
6 silly install readLocalPackageData
7 silly fetchPackageMetaData ../githun
8 silly fetchOtherPackageData ../githun
9 silly cache add args [ '../githun', null ]
10 verbose cache add spec ../githun
11 silly cache add parsed spec Result {
11 silly cache add   raw: '../githun',
11 silly cache add   scope: null,
11 silly cache add   escapedName: null,
11 silly cache add   name: null,
11 silly cache add   rawSpec: '../githun',
11 silly cache add   spec: '/Users/master/Documents/elium/banksies/part3/exp1-classes/githun',
11 silly cache add   type: 'local' }
12 error addLocal Could not install /Users/master/Documents/elium/banksies/part3/exp1-classes/githun
13 silly fetchPackageMetaData Error: ENOENT: no such file or directory, open '/Users/master/Documents/elium/banksies/part3/exp1-classes/githun'
13 silly fetchPackageMetaData  error for ../githun { Error: ENOENT: no such file or directory, open '/Users/master/Documents/elium/banksies/part3/exp1-classes/githun'
13 silly fetchPackageMetaData   errno: -2,
13 silly fetchPackageMetaData   code: 'ENOENT',
13 silly fetchPackageMetaData   syscall: 'open',
13 silly fetchPackageMetaData   path: '/Users/master/Documents/elium/banksies/part3/exp1-classes/githun' }
14 silly rollbackFailedOptional Starting
15 silly rollbackFailedOptional Finishing
16 silly runTopLevelLifecycles Finishing
17 silly install printInstalled
18 verbose stack Error: ENOENT: no such file or directory, open '/Users/master/Documents/elium/banksies/part3/exp1-classes/githun'
19 verbose cwd /Users/master/Documents/elium/banksies/part3/exp1-classes/3-sampleApp
20 error Darwin 16.3.0
21 error argv "/Users/master/.nvm/versions/node/v7.4.0/bin/node" "/Users/master/.nvm/versions/node/v7.4.0/bin/npm" "install" "../githun"
22 error node v7.4.0
23 error npm  v4.1.1
24 error path /Users/master/Documents/elium/banksies/part3/exp1-classes/githun
25 error code ENOENT
26 error errno -2
27 error syscall open
28 error enoent ENOENT: no such file or directory, open '/Users/master/Documents/elium/banksies/part3/exp1-classes/githun'
29 error enoent ENOENT: no such file or directory, open '/Users/master/Documents/elium/banksies/part3/exp1-classes/githun'
29 error enoent This is most likely not a problem with npm itself
29 error enoent and is related to npm not being able to find a file.
30 verbose exit [ -2, true ]
